<?xml version="1.0" encoding="UTF-8"?>
<!-- Generated by org.testng.reporters.JUnitReportReporter -->
<testsuite skipped="0" hostname="ROBLOX-T110467" name="com.odoo.scripts.CreateCustomerTest" tests="1" failures="0" timestamp="2020-08-26T14:54:26 IST" time="14.310" errors="0">
  <testcase name="createCustomer" time="14.310" classname="com.odoo.scripts.CreateCustomerTest"/>
  <system-out>
createCustomerTest execution started atWed Aug 26 14:54:19 IST 2020 logged in Jackclic createCustomerTest execution passed  </system-out>
</testsuite> <!-- com.odoo.scripts.CreateCustomerTest -->
